
> my-angular-project@0.0.0 build-storybook
> ng run my-angular-project:build-storybook --output-dir=/var/folders/rf/d_pztprs54nfb2xlb2_5622h0000gn/T/chromatic--10286-NHCKYO9PkMeL

info => Cleaning outputDir: ../../../var/folders/rf/d_pztprs54nfb2xlb2_5622h0000gn/T/chromatic--10286-NHCKYO9PkMeL
info => Loading presets
info Found existing addon "@storybook/addon-docs", skipping.
info Found existing addon "@storybook/addon-docs", skipping.
info => Building manager..
info => Manager built (84 ms)
info => Building preview..
info Addon-docs: using MDX3
info => Using implicit CSS loaders
info => Using angular browser target options from "my-angular-project:build"
info => Using angular project with "tsConfig:/Users/georgesem/my-angular-project/tsconfig.json"
info => Using default Webpack5 setup
WARN /Users/georgesem/my-angular-project/src/app/accordion/accordion.component.spec.ts is part of the TypeScript compilation but it's unused.
WARN Add only entry points to the 'files' or 'include' properties in your tsconfig.
WARN /Users/georgesem/my-angular-project/src/app/app.component.spec.ts is part of the TypeScript compilation but it's unused.
WARN Add only entry points to the 'files' or 'include' properties in your tsconfig.
WARN /Users/georgesem/my-angular-project/src/app/app.component.ts is part of the TypeScript compilation but it's unused.
WARN Add only entry points to the 'files' or 'include' properties in your tsconfig.
WARN /Users/georgesem/my-angular-project/src/app/app.config.ts is part of the TypeScript compilation but it's unused.
WARN Add only entry points to the 'files' or 'include' properties in your tsconfig.
WARN /Users/georgesem/my-angular-project/src/app/app.routes.ts is part of the TypeScript compilation but it's unused.
WARN Add only entry points to the 'files' or 'include' properties in your tsconfig.
WARN /Users/georgesem/my-angular-project/src/app/dropdown/dropdown.component.spec.ts is part of the TypeScript compilation but it's unused.
WARN Add only entry points to the 'files' or 'include' properties in your tsconfig.
WARN /Users/georgesem/my-angular-project/src/app/example-button.component.ts is part of the TypeScript compilation but it's unused.
WARN Add only entry points to the 'files' or 'include' properties in your tsconfig.
WARN /Users/georgesem/my-angular-project/src/app/text-field/text-field.component.spec.ts is part of the TypeScript compilation but it's unused.
WARN Add only entry points to the 'files' or 'include' properties in your tsconfig.
WARN /Users/georgesem/my-angular-project/src/main.ts is part of the TypeScript compilation but it's unused.
WARN Add only entry points to the 'files' or 'include' properties in your tsconfig.
WARN /Users/georgesem/my-angular-project/src/stories/user.ts is part of the TypeScript compilation but it's unused.
WARN Add only entry points to the 'files' or 'include' properties in your tsconfig.
WARN asset size limit: The following asset(s) exceed the recommended size limit (244 KiB).
WARN This can impact web performance.
WARN Assets: 
WARN   583.3c416355.iframe.bundle.js (2.31 MiB)
WARN   541.72049e1b.iframe.bundle.js (1.16 MiB)
WARN entrypoint size limit: The following entrypoint(s) combined asset size exceeds the recommended limit (244 KiB). This can impact web performance.
WARN Entrypoints:
WARN   main (2.32 MiB)
WARN       runtime~main.e66582d3.iframe.bundle.js
WARN       583.3c416355.iframe.bundle.js
WARN       main.050e8d2be9a24826bdde.css
WARN       main.d898f0c4.iframe.bundle.js
WARN 
info => Preview built (15 s)
info => Output directory: /var/folders/rf/d_pztprs54nfb2xlb2_5622h0000gn/T/chromatic--10286-NHCKYO9PkMeL
